2025-07-06 01:56:10 - sentinel_100k - INFO - 🚀 Sentinel 100K - Structured Logging Initialized
2025-07-06 01:57:59 - sentinel_100k - INFO - 🚀 Sentinel 100K - Structured Logging Initialized
2025-07-06 01:59:43 - sentinel_100k - INFO - 🚀 Sentinel 100K - Structured Logging Initialized
2025-07-06 02:04:16 - sentinel_100k - INFO - 🚀 Sentinel 100K - Structured Logging Initialized
2025-07-06 02:04:43 - sentinel_100k - INFO - 🚀 Sentinel 100K - Structured Logging Initialized
2025-07-06 02:04:43 - sentinel_100k - INFO - 🚀 AUTOMATION SYSTEMS INITIALIZED!
2025-07-06 02:04:43 - sentinel_100k - INFO - ✅ Event Bus: Active
2025-07-06 02:04:43 - sentinel_100k - INFO - ✅ Context System: Active
2025-07-06 02:04:43 - sentinel_100k - INFO - ✅ Enhanced AI Services: Active
2025-07-06 02:04:43 - sentinel_100k - INFO - ✅ Real-time Monitoring: Active
2025-07-06 02:04:43 - sentinel_100k - INFO - ✅ Caching System: Active
2025-07-06 02:04:43 - sentinel_100k - INFO - Cache CLEARED
2025-07-06 02:04:49 - sentinel_100k - INFO - 🚀 Sentinel 100K - Structured Logging Initialized
2025-07-06 02:04:49 - sentinel_100k - INFO - 🚀 AUTOMATION SYSTEMS INITIALIZED!
2025-07-06 02:04:49 - sentinel_100k - INFO - ✅ Event Bus: Active
2025-07-06 02:04:49 - sentinel_100k - INFO - ✅ Context System: Active
2025-07-06 02:04:49 - sentinel_100k - INFO - ✅ Enhanced AI Services: Active
2025-07-06 02:04:49 - sentinel_100k - INFO - ✅ Real-time Monitoring: Active
2025-07-06 02:04:49 - sentinel_100k - INFO - ✅ Caching System: Active
2025-07-06 02:04:49 - sentinel_100k - INFO - 🚀 Sentinel 100K - Structured Logging Initialized
2025-07-06 02:04:49 - sentinel_100k - INFO - 🚀 AUTOMATION SYSTEMS INITIALIZED!
2025-07-06 02:04:49 - sentinel_100k - INFO - ✅ Event Bus: Active
2025-07-06 02:04:49 - sentinel_100k - INFO - ✅ Context System: Active
2025-07-06 02:04:49 - sentinel_100k - INFO - ✅ Enhanced AI Services: Active
2025-07-06 02:04:49 - sentinel_100k - INFO - ✅ Real-time Monitoring: Active
2025-07-06 02:04:49 - sentinel_100k - INFO - ✅ Caching System: Active
